<?xml version="1.0" encoding="UTF-8"?>
<coverage generated="1680215780501" clover="3.2.0">
  <project timestamp="1680215780502" name="All files">
    <metrics statements="14" coveredstatements="14" conditionals="2" coveredconditionals="1" methods="4" coveredmethods="4" elements="20" coveredelements="19" complexity="0" loc="14" ncloc="14" packages="1" files="3" classes="3"/>
    <file name="commentsCounter.js" path="C:\Users\samee\Documents\GitHub\JS-Capstone-Group-Project\__Mocks__\commentsCounter.js">
      <metrics statements="5" coveredstatements="5" conditionals="0" coveredconditionals="0" methods="1" coveredmethods="1"/>
      <line num="1" count="1" type="stmt"/>
      <line num="2" count="1" type="stmt"/>
      <line num="3" count="1" type="stmt"/>
      <line num="10" count="1" type="stmt"/>
      <line num="11" count="1" type="stmt"/>
    </file>
    <file name="counterMock.js" path="C:\Users\samee\Documents\GitHub\JS-Capstone-Group-Project\__Mocks__\counterMock.js">
      <metrics statements="5" coveredstatements="5" conditionals="0" coveredconditionals="0" methods="1" coveredmethods="1"/>
      <line num="3" count="1" type="stmt"/>
      <line num="4" count="1" type="stmt"/>
      <line num="5" count="1" type="stmt"/>
      <line num="6" count="1" type="stmt"/>
      <line num="7" count="1" type="stmt"/>
    </file>
    <file name="localStorageMock.js" path="C:\Users\samee\Documents\GitHub\JS-Capstone-Group-Project\__Mocks__\localStorageMock.js">
      <metrics statements="4" coveredstatements="4" conditionals="2" coveredconditionals="1" methods="2" coveredmethods="2"/>
      <line num="1" count="1" type="stmt"/>
      <line num="3" count="1" type="stmt"/>
      <line num="5" count="1" type="stmt"/>
      <line num="7" count="1" type="cond" truecount="1" falsecount="1"/>
    </file>
  </project>
</coverage>
