{"C:\\Users\\samee\\Documents\\GitHub\\JS-Capstone-Group-Project\\__Mocks__\\commentsCounter.js": {"path":"C:\\Users\\samee\\Documents\\GitHub\\JS-Capstone-Group-Project\\__Mocks__\\commentsCounter.js","statementMap":{"0":{"start":{"line":1,"column":22},"end":{"line":12,"column":1}},"1":{"start":{"line":2,"column":22},"end":{"line":2,"column":61}},"2":{"start":{"line":3,"column":16},"end":{"line":9,"column":3}},"3":{"start":{"line":10,"column":2},"end":{"line":10,"column":44}},"4":{"start":{"line":11,"column":2},"end":{"line":11,"column":31}}},"fnMap":{"0":{"name":"(anonymous_0)","decl":{"start":{"line":1,"column":22},"end":{"line":1,"column":23}},"loc":{"start":{"line":1,"column":28},"end":{"line":12,"column":1}},"line":1}},"branchMap":{},"s":{"0":1,"1":1,"2":1,"3":1,"4":1},"f":{"0":1},"b":{},"_coverageSchema":"1a1c01bbd47fc00a2c39e90264f33305004495a9","hash":"3b8c48a013cbe74e1af076d64cb8b80825247396"}
,"C:\\Users\\samee\\Documents\\GitHub\\JS-Capstone-Group-Project\\__Mocks__\\counterMock.js": {"path":"C:\\Users\\samee\\Documents\\GitHub\\JS-Capstone-Group-Project\\__Mocks__\\counterMock.js","statementMap":{"0":{"start":{"line":3,"column":27},"end":{"line":8,"column":1}},"1":{"start":{"line":4,"column":22},"end":{"line":4,"column":56}},"2":{"start":{"line":5,"column":17},"end":{"line":5,"column":51}},"3":{"start":{"line":6,"column":2},"end":{"line":6,"column":31}},"4":{"start":{"line":7,"column":2},"end":{"line":7,"column":29}}},"fnMap":{"0":{"name":"(anonymous_0)","decl":{"start":{"line":3,"column":27},"end":{"line":3,"column":28}},"loc":{"start":{"line":3,"column":36},"end":{"line":8,"column":1}},"line":3}},"branchMap":{},"s":{"0":1,"1":1,"2":1,"3":1,"4":1},"f":{"0":1},"b":{},"_coverageSchema":"1a1c01bbd47fc00a2c39e90264f33305004495a9","hash":"15e9d82c09981f0bda4b42fddc95416d20145d91"}
,"C:\\Users\\samee\\Documents\\GitHub\\JS-Capstone-Group-Project\\__Mocks__\\localStorageMock.js": {"path":"C:\\Users\\samee\\Documents\\GitHub\\JS-Capstone-Group-Project\\__Mocks__\\localStorageMock.js","statementMap":{"0":{"start":{"line":1,"column":11},"end":{"line":1,"column":13}},"1":{"start":{"line":3,"column":25},"end":{"line":8,"column":1}},"2":{"start":{"line":5,"column":4},"end":{"line":5,"column":19}},"3":{"start":{"line":7,"column":26},"end":{"line":7,"column":48}}},"fnMap":{"0":{"name":"(anonymous_0)","decl":{"start":{"line":4,"column":17},"end":{"line":4,"column":18}},"loc":{"start":{"line":4,"column":32},"end":{"line":6,"column":3}},"line":4},"1":{"name":"(anonymous_1)","decl":{"start":{"line":7,"column":16},"end":{"line":7,"column":17}},"loc":{"start":{"line":7,"column":26},"end":{"line":7,"column":48}},"line":7}},"branchMap":{"0":{"loc":{"start":{"line":7,"column":26},"end":{"line":7,"column":48}},"type":"cond-expr","locations":[{"start":{"line":7,"column":36},"end":{"line":7,"column":43}},{"start":{"line":7,"column":46},"end":{"line":7,"column":48}}],"line":7}},"s":{"0":1,"1":1,"2":1,"3":1},"f":{"0":1,"1":1},"b":{"0":[1,0]},"_coverageSchema":"1a1c01bbd47fc00a2c39e90264f33305004495a9","hash":"39e98fffdd839393ab1ba295344c399f36031aae"}
}
